1.107 -0.044 0.074 0.104 0.107 -0.131 0.002 -0.059 -0.149 -0.077 0.103 0.120 0.111 0.015 -0.130 -0.131 0.024 -0.172 -0.192 -0.041 0.152 -0.203 0.017 -0.072 -0.068 0.024 0.011 0.063 0.033 -0.146 -0.020 0.004 -0.070 0.019 0.098 -0.006 -0.059 -0.103 0.019 -0.170
-0.190 1.104 -0.015 -0.185 -0.168 -0.121 0.011 -0.034 0.081 -0.063 0.116 0.056 0.180 -0.161 -0.074 -0.097 0.093 -0.085 -0.142 -0.001 -0.057 0.046 0.117 -0.162 0.120 0.108 -0.038 -0.084 -0.020 -0.087 -0.128 0.062 0.068 -0.141 -0.068 -0.167 0.010 0.059 -0.084 0.030
-0.080 -0.025 1.112 -0.133 0.002 0.072 0.064 0.107 -0.014 -0.077 0.087 0.109 0.093 0.114 0.102 -0.109 -0.154 0.007 0.115 -0.142 -0.131 -0.095 0.061 -0.131 -0.007 -0.158 -0.025 0.026 0.094 -0.115 -0.107 -0.183 -0.080 0.054 -0.086 -0.150 0.038 0.022 -0.033 -0.034
-0.121 0.044 -0.040 1.100 0.121 0.056 -0.153 0.009 -0.007 -0.117 -0.189 0.073 -0.120 0.083 0.144 -0.172 0.074 -0.139 -0.085 -0.032 -0.144 -0.085 0.035 -0.204 0.008 -0.112 0.066 0.058 0.073 -0.012 0.038 -0.182 0.019 -0.124 0.041 0.165 -0.207 0.100 -0.053 0.045
0.062 -0.039 0.115 -0.034 1.129 -0.131 0.075 -0.128 0.049 0.141 -0.198 -0.008 0.098 0.016 -0.070 -0.055 0.073 -0.103 -0.001 0.104 -0.060 -0.071 -0.010 0.101 0.105 -0.068 -0.208 0.020 -0.061 -0.042 -0.052 -0.217 -0.184 0.002 -0.150 0.018 -0.017 0.094 -0.182 -0.100
0.001 -0.207 0.100 -0.142 -0.071 1.140 -0.061 -0.043 -0.055 0.057 -0.145 0.091 0.027 0.095 -0.088 0.070 -0.067 -0.099 0.012 -0.135 -0.041 0.008 0.051 0.008 0.102 -0.063 -0.012 -0.219 0.056 -0.003 0.079 -0.010 -0.221 -0.103 0.036 -0.003 -0.093 0.058 0.058 -0.099
-0.143 -0.180 -0.025 -0.117 -0.174 0.098 1.201 -0.185 -0.169 0.135 0.002 -0.171 -0.190 0.135 -0.095 0.174 -0.104 0.161 0.169 0.106 -0.015 0.132 -0.162 0.128 -0.029 0.075 -0.103 -0.018 0.124 -0.209 -0.160 -0.015 0.149 -0.161 -0.075 -0.175 -0.012 -0.092 -0.121 -0.009
0.073 -0.223 -0.074 -0.061 0.029 -0.148 -0.194 1.150 -0.084 0.119 -0.044 -0.002 -0.145 0.047 -0.084 0.098 -0.199 -0.020 -0.088 0.077 0.026 0.089 -0.123 -0.023 0.029 -0.075 0.112 0.016 -0.129 -0.052 -0.049 0.080 -0.151 -0.018 0.047 0.073 0.004 0.039 0.057 0.076
-0.052 -0.094 -0.044 0.106 -0.171 -0.137 -0.225 -0.008 1.101 -0.083 -0.144 0.040 -0.014 -0.102 -0.142 -0.116 0.027 0.101 0.089 -0.059 0.061 -0.201 0.078 -0.101 -0.126 -0.070 0.024 0.110 0.048 0.098 0.118 0.127 -0.030 -0.015 0.067 -0.084 0.056 -0.016 0.105 -0.211
0.025 0.119 0.034 0.058 0.036 -0.006 -0.067 -0.217 -0.129 1.080 -0.125 -0.017 0.121 0.100 0.028 -0.054 0.100 0.073 -0.069 0.082 0.145 0.120 0.071 -0.054 0.052 -0.007 -0.166 -0.220 -0.151 0.001 -0.077 -0.273 -0.002 -0.035 -0.164 -0.210 -0.064 -0.132 -0.033 0.062
0.009 -0.167 0.007 0.211 -0.034 0.012 -0.122 -0.139 -0.077 0.101 1.124 0.057 0.058 0.073 0.159 -0.079 0.125 -0.034 -0.070 -0.002 0.075 -0.081 -0.128 0.092 -0.157 -0.137 -0.054 -0.018 -0.179 -0.122 -0.154 -0.012 -0.113 -0.088 0.043 0.114 -0.031 -0.195 0.038 -0.110
-0.114 0.020 -0.048 0.092 0.089 0.001 -0.156 0.165 -0.124 -0.042 -0.114 1.128 -0.120 0.012 0.070 -0.076 0.015 -0.022 -0.110 0.149 -0.159 -0.084 0.169 -0.075 -0.096 0.018 0.121 0.132 -0.051 -0.156 -0.210 0.035 -0.026 -0.063 -0.038 0.073 -0.097 -0.085 -0.155 -0.012
-0.048 -0.015 0.007 -0.007 -0.235 0.037 0.149 -0.061 0.094 -0.189 0.087 0.035 1.148 -0.172 0.003 0.138 -0.053 -0.164 -0.052 0.080 -0.169 0.011 0.127 0.047 -0.188 0.123 0.025 -0.186 0.074 -0.013 0.108 0.144 -0.192 -0.208 -0.042 -0.196 -0.160 -0.192 0.158 -0.009
0.004 0.066 0.057 -0.106 -0.021 -0.206 0.011 0.105 0.030 -0.189 0.055 0.103 -0.112 1.093 0.101 0.012 -0.052 0.054 0.061 0.057 -0.017 0.063 -0.217 0.056 -0.089 -0.080 0.043 -0.180 -0.026 -0.169 -0.028 0.004 -0.053 0.080 -0.133 -0.169 -0.124 0.059 0.045 0.011
0.002 0.019 -0.107 0.070 -0.076 -0.152 0.004 -0.096 -0.018 0.091 0.104 0.023 -0.215 -0.155 1.096 -0.044 -0.112 0.118 0.062 -0.204 -0.131 0.080 0.104 -0.157 -0.144 0.120 -0.069 -0.185 -0.104 0.124 -0.004 -0.112 0.064 0.069 -0.148 0.137 -0.115 -0.031 0.033 -0.014
-0.181 -0.211 0.018 -0.154 0.122 0.145 0.079 0.138 -0.025 0.011 -0.116 0.159 -0.112 -0.049 0.040 1.166 0.062 -0.051 -0.071 0.088 0.056 -0.072 -0.164 -0.110 0.151 -0.138 0.020 -0.152 0.042 -0.130 -0.208 0.082 0.067 -0.187 -0.163 -0.002 -0.051 -0.110 0.011 -0.012
-0.144 0.114 -0.152 -0.169 0.079 0.063 -0.158 -0.081 -0.049 0.092 0.013 -0.105 0.187 -0.144 0.004 0.102 1.138 0.058 -0.074 0.125 -0.031 -0.170 -0.150 -0.072 0.090 -0.009 -0.190 0.033 0.017 -0.028 0.032 -0.146 -0.059 -0.188 0.081 0.178 -0.029 -0.004 -0.032 -0.190
0.024 -0.020 -0.136 0.048 -0.077 0.148 -0.073 0.013 -0.198 0.103 0.124 -0.215 -0.106 -0.060 -0.098 -0.140 0.078 1.117 -0.062 -0.185 -0.004 -0.035 -0.065 -0.001 -0.072 -0.024 -0.180 0.152 0.070 -0.045 -0.092 -0.026 -0.074 -0.070 0.152 0.200 0.064 -0.136 -0.151 0.021
0.098 -0.014 0.118 -0.148 -0.140 0.166 0.141 -0.024 0.034 -0.117 0.055 0.118 0.056 -0.123 -0.161 0.108 -0.211 0.078 1.135 -0.208 -0.023 -0.202 -0.117 -0.029 -0.118 0.043 -0.170 0.040 0.060 -0.075 -0.085 0.189 0.072 -0.168 -0.028 -0.133 0.024 -0.234 -0.052 0.043
-0.007 0.054 0.037 0.001 0.008 -0.161 -0.055 -0.075 0.058 0.117 -0.039 0.086 0.124 0.057 -0.041 0.126 0.027 0.038 -0.055 1.163 -0.098 0.107 0.058 -0.031 -0.109 -0.132 0.063 -0.087 -0.047 -0.118 -0.223 -0.094 -0.108 -0.139 -0.204 -0.057 -0.105 -0.112 0.049 -0.146
-0.004 0.061 -0.016 0.001 -0.001 -0.136 -0.195 -0.139 -0.114 -0.071 -0.063 0.034 -0.129 -0.084 0.157 -0.230 -0.013 -0.185 -0.044 -0.086 1.150 -0.058 -0.122 -0.038 -0.052 -0.045 -0.149 0.122 -0.112 0.155 0.052 -0.109 -0.030 0.209 0.121 -0.064 0.003 0.153 0.092 -0.020
0.097 -0.043 -0.036 0.030 -0.175 -0.115 0.065 -0.019 0.025 -0.096 0.003 -0.110 -0.052 -0.060 0.014 -0.048 0.050 -0.096 0.176 -0.088 -0.062 1.175 -0.119 -0.056 -0.003 -0.141 -0.131 -0.093 0.003 -0.080 0.038 0.008 -0.103 -0.054 -0.128 -0.123 -0.032 0.076 -0.158 0.118
-0.029 -0.037 0.086 -0.042 -0.142 -0.042 -0.012 -0.077 -0.097 -0.028 0.108 -0.068 0.015 -0.027 -0.106 0.059 0.007 -0.019 -0.205 0.004 -0.103 -0.099 1.138 -0.127 -0.038 0.036 0.178 0.017 -0.170 0.105 -0.106 -0.178 -0.067 0.155 -0.155 -0.139 -0.087 0.095 0.095 -0.009
-0.030 0.017 0.136 0.063 -0.126 0.108 0.100 -0.050 0.052 0.047 -0.122 -0.084 -0.127 -0.094 0.048 -0.013 0.002 0.042 -0.014 -0.124 -0.154 0.118 -0.103 1.090 -0.100 0.075 0.013 -0.196 -0.122 -0.113 0.108 -0.083 -0.107 -0.093 -0.024 -0.019 0.072 -0.199 -0.156 0.059
0.090 -0.130 -0.053 0.216 0.082 0.098 -0.230 -0.024 0.108 -0.127 -0.196 0.072 0.168 -0.087 0.090 -0.203 0.091 -0.158 -0.169 -0.086 0.173 -0.117 -0.099 -0.171 1.167 -0.215 -0.138 0.181 0.085 -0.031 0.038 -0.068 -0.116 -0.126 0.169 0.111 -0.083 -0.090 -0.061 -0.127
-0.190 0.095 0.059 -0.193 -0.077 -0.079 0.040 -0.165 0.145 -0.188 -0.135 0.004 -0.170 -0.175 -0.175 0.062 0.009 0.016 0.120 -0.003 0.028 -0.132 -0.016 0.102 -0.172 1.167 0.003 -0.032 0.021 0.101 0.114 0.058 0.139 -0.055 -0.101 -0.119 -0.067 -0.067 -0.005 -0.072
-0.109 0.111 0.107 -0.251 0.140 0.078 0.103 -0.181 -0.121 -0.050 -0.099 -0.136 -0.129 -0.031 -0.113 0.007 0.126 -0.013 0.071 0.016 -0.130 0.034 -0.049 0.088 -0.094 0.054 1.122 -0.127 -0.191 0.063 0.069 -0.171 0.041 -0.115 -0.009 -0.053 0.024 -0.190 -0.213 0.123
0.073 0.014 -0.124 0.084 0.099 0.069 -0.074 0.082 -0.123 0.032 0.013 -0.205 -0.041 -0.169 0.084 -0.070 -0.147 -0.136 -0.118 -0.100 -0.139 -0.128 0.114 -0.038 -0.026 -0.025 0.035 1.079 -0.003 0.032 -0.209 -0.154 0.054 0.166 0.075 -0.043 0.096 -0.101 0.078 0.056
0.060 0.049 -0.176 -0.196 -0.145 0.114 0.172 -0.117 -0.021 -0.156 0.083 -0.069 0.081 0.161 -0.100 -0.073 -0.076 -0.150 0.154 -0.144 0.017 -0.033 -0.036 0.004 0.016 -0.081 0.011 -0.156 1.127 -0.119 0.100 0.162 0.108 -0.085 -0.167 -0.134 -0.113 0.039 0.022 -0.176
0.119 -0.145 -0.051 0.099 0.039 -0.133 -0.167 -0.166 -0.016 -0.228 0.035 -0.146 -0.129 0.075 -0.161 -0.131 -0.018 -0.104 -0.162 -0.161 0.034 0.029 -0.140 -0.033 -0.034 -0.055 0.107 -0.099 0.069 1.170 0.084 0.080 0.021 -0.037 -0.033 0.093 0.130 -0.023 -0.013 0.111
0.077 0.135 0.109 -0.227 0.050 -0.177 0.078 -0.051 -0.091 -0.139 -0.075 0.067 0.162 -0.150 -0.096 0.012 -0.094 -0.048 0.090 0.034 -0.004 0.049 -0.159 -0.177 0.002 0.094 0.016 -0.087 -0.167 -0.146 1.106 -0.070 0.003 -0.075 -0.140 -0.072 0.109 -0.088 0.001 0.043
-0.062 -0.171 -0.210 0.109 -0.243 -0.007 -0.021 0.027 0.022 -0.098 0.074 -0.133 0.011 -0.050 -0.087 0.099 -0.164 0.057 -0.067 -0.026 -0.060 0.020 0.038 0.122 0.105 -0.031 -0.044 -0.012 0.072 0.038 -0.129 1.178 -0.180 -0.099 0.078 0.029 -0.042 -0.046 0.034 -0.050
-0.204 0.128 -0.175 -0.122 0.029 -0.183 0.010 -0.020 -0.003 -0.125 -0.222 0.102 -0.173 0.111 0.018 -0.006 -0.067 -0.075 -0.126 0.186 -0.082 0.156 0.107 0.083 -0.027 0.104 0.092 -0.084 -0.132 -0.156 0.014 -0.100 1.141 -0.006 -0.142 -0.010 -0.157 0.092 -0.210 0.090
0.032 -0.085 -0.109 0.068 -0.153 0.063 -0.185 0.099 0.031 -0.039 -0.162 0.082 -0.119 -0.100 -0.056 -0.096 -0.006 -0.116 -0.010 0.034 -0.135 -0.039 0.072 -0.011 -0.195 0.066 -0.065 0.048 -0.128 -0.055 -0.061 0.015 0.031 1.185 0.047 0.004 -0.018 0.088 0.154 -0.088
-0.014 -0.015 0.095 0.078 0.021 -0.095 0.105 -0.079 -0.038 0.106 0.040 -0.178 -0.091 -0.094 -0.125 -0.015 -0.112 -0.148 -0.007 0.077 0.089 -0.143 -0.041 0.147 -0.070 -0.103 0.106 0.095 -0.187 -0.097 -0.026 0.032 -0.060 0.108 1.121 -0.015 0.045 0.062 -0.182 -0.186
0.011 -0.058 -0.249 0.143 0.121 -0.159 -0.006 0.078 -0.042 0.099 -0.035 -0.267 -0.252 0.061 -0.103 -0.052 -0.092 0.124 -0.152 -0.161 -0.043 -0.185 -0.049 0.021 -0.124 0.032 -0.171 0.127 -0.091 0.132 -0.080 0.099 0.080 0.002 0.117 1.191 0.035 0.103 -0.131 0.069
-0.091 -0.105 -0.097 -0.151 0.059 -0.026 -0.178 0.164 -0.074 -0.137 0.063 -0.194 -0.050 -0.043 -0.047 -0.082 -0.014 -0.074 0.072 -0.101 -0.069 -0.086 0.032 -0.032 0.167 -0.235 -0.065 -0.019 0.104 -0.065 -0.174 0.043 0.052 0.184 0.043 -0.118 1.138 0.026 0.098 0.051
-0.157 -0.087 -0.089 -0.108 -0.168 0.049 0.116 0.043 0.079 0.164 0.076 -0.182 -0.057 -0.193 -0.025 0.124 -0.164 0.136 0.045 -0.028 -0.076 0.031 -0.185 0.094 0.071 -0.030 -0.077 0.053 0.014 0.043 0.096 0.068 -0.131 -0.041 -0.109 -0.032 -0.157 1.022 -0.177 0.004
-0.019 0.079 -0.075 -0.160 0.004 -0.019 -0.034 0.051 0.035 -0.093 0.089 -0.190 0.136 -0.003 -0.231 -0.135 0.075 0.101 -0.117 -0.086 -0.038 -0.028 -0.220 -0.025 -0.011 0.046 -0.025 -0.199 0.097 -0.015 0.102 -0.003 -0.011 -0.060 0.136 -0.175 0.097 0.132 1.117 -0.223
-0.047 0.121 -0.045 -0.120 0.066 -0.021 -0.041 -0.122 -0.055 0.021 -0.065 -0.122 0.018 -0.029 0.031 -0.145 -0.189 -0.108 -0.076 -0.117 -0.103 -0.077 0.089 -0.173 -0.053 -0.051 -0.074 0.123 -0.022 0.199 0.119 -0.168 0.081 0.038 -0.135 -0.086 0.060 -0.073 -0.123 1.186
