1.184 -0.102 -0.224 0.040 -0.022 -0.188 -0.199 -0.057 -0.015 -0.208 0.224 0.126 -0.201 -0.007 -0.029 -0.145 -0.161 -0.197 0.030 -0.059
-0.114 1.188 0.080 0.100 -0.171 -0.182 -0.125 -0.269 0.094 -0.026 0.059 -0.227 0.027 -0.156 -0.220 0.137 0.031 -0.055 -0.060 -0.079
0.095 -0.227 1.149 -0.058 -0.100 -0.135 -0.142 -0.142 -0.129 -0.061 -0.297 -0.244 0.048 -0.032 -0.068 0.031 0.035 0.033 0.096 0.124
0.024 -0.062 -0.120 1.120 -0.174 0.096 -0.135 -0.114 -0.023 -0.194 -0.066 -0.041 -0.217 0.175 -0.016 0.143 0.053 -0.159 0.014 -0.076
-0.105 -0.217 -0.085 -0.175 1.170 -0.222 0.102 0.225 0.058 0.119 -0.213 0.184 0.074 -0.225 -0.160 -0.159 -0.124 0.004 -0.178 -0.090
-0.232 0.173 -0.104 0.186 -0.294 1.215 -0.301 -0.134 -0.021 0.165 0.014 -0.152 0.045 -0.032 -0.216 -0.150 0.095 0.135 -0.231 -0.143
0.002 -0.061 -0.170 -0.299 0.156 -0.302 1.277 -0.095 0.111 -0.249 -0.309 -0.134 -0.161 0.064 0.048 0.187 -0.143 -0.181 0.193 -0.078
0.079 0.009 0.080 0.063 -0.286 0.041 -0.271 1.141 -0.160 -0.241 0.142 -0.161 0.002 -0.112 -0.156 -0.229 0.081 0.072 -0.198 0.157
0.051 0.102 -0.067 -0.162 0.137 -0.299 0.078 -0.065 1.103 -0.078 0.117 -0.055 -0.246 -0.240 0.049 0.087 -0.206 -0.255 0.149 -0.244
-0.280 -0.186 0.040 -0.214 0.036 -0.086 -0.046 0.143 -0.130 1.154 0.011 -0.267 -0.210 -0.256 -0.136 0.054 -0.142 0.172 0.136 0.112
-0.189 0.069 -0.102 -0.016 -0.189 -0.022 -0.157 -0.013 -0.048 0.028 1.206 0.025 -0.281 -0.192 0.020 -0.164 -0.256 0.215 0.133 -0.136
-0.202 -0.171 -0.068 0.101 -0.213 0.010 0.018 0.042 -0.142 0.117 0.027 1.123 0.100 -0.007 -0.143 0.032 -0.047 -0.110 -0.257 -0.039
0.044 -0.234 -0.015 0.124 -0.073 0.109 -0.195 -0.210 -0.037 0.027 -0.231 -0.034 1.133 -0.131 -0.005 -0.271 0.185 -0.071 -0.236 0.105
0.113 0.017 -0.049 -0.215 -0.226 -0.035 0.033 -0.030 -0.017 0.061 0.054 0.017 -0.090 1.126 0.075 0.046 -0.165 -0.252 -0.162 -0.072
0.210 -0.299 0.122 -0.229 0.051 -0.187 0.120 -0.062 0.080 -0.314 0.044 0.069 0.127 -0.058 1.190 -0.080 -0.242 -0.105 -0.091 -0.215
0.067 -0.113 -0.178 0.022 -0.019 0.129 0.088 -0.182 -0.079 -0.058 -0.291 -0.230 0.095 0.179 -0.245 1.141 0.101 -0.328 0.052 -0.026
-0.334 0.051 -0.275 -0.063 0.114 0.158 0.141 -0.156 -0.213 0.029 0.044 0.058 -0.017 0.040 -0.147 -0.241 1.128 0.068 -0.182 -0.184
-0.123 0.136 -0.109 0.087 -0.256 0.098 -0.160 -0.071 0.055 0.018 0.124 0.020 -0.244 -0.149 -0.054 -0.176 -0.075 1.190 -0.092 -0.190
-0.234 -0.114 0.203 -0.025 0.159 0.021 0.068 -0.237 -0.213 -0.090 -0.381 -0.134 0.083 -0.098 -0.112 0.188 -0.099 -0.102 1.215 -0.160
-0.009 0.000 -0.204 -0.199 0.178 -0.106 -0.126 0.120 0.127 -0.093 -0.095 -0.075 -0.147 0.092 0.177 -0.294 0.065 -0.059 -0.323 1.127
